[32mINFO[0m:     [21-03-2025 22:21:08] Set chroma_server_nofile to 65535
[32mINFO[0m:     [21-03-2025 22:21:08] Anonymized telemetry enabled. See                     https://docs.trychroma.com/telemetry for more information.
[36mDEBUG[0m:    [21-03-2025 22:21:08] Starting component System
[36mDEBUG[0m:    [21-03-2025 22:21:08] Starting component OpenTelemetryClient
[36mDEBUG[0m:    [21-03-2025 22:21:08] Starting component SqliteDB
[36mDEBUG[0m:    [21-03-2025 22:21:08] Starting component SimpleQuotaEnforcer
[36mDEBUG[0m:    [21-03-2025 22:21:08] Starting component Posthog
[36mDEBUG[0m:    [21-03-2025 22:21:08] Starting component SimpleRateLimitEnforcer
[36mDEBUG[0m:    [21-03-2025 22:21:08] Starting component LocalSegmentManager
[36mDEBUG[0m:    [21-03-2025 22:21:08] Starting component LocalExecutor
[36mDEBUG[0m:    [21-03-2025 22:21:08] Starting component SegmentAPI
[32mINFO[0m:     [21-03-2025 22:21:08] Started server process [[36m10027[0m]
[32mINFO[0m:     [21-03-2025 22:21:08] Waiting for application startup.
[32mINFO[0m:     [21-03-2025 22:21:08] Application startup complete.
[32mINFO[0m:     [21-03-2025 22:21:08] Uvicorn running on [1mhttp://localhost:8000[0m (Press CTRL+C to quit)
[32mINFO[0m:     [21-03-2025 22:21:10] ::1:63522 - "GET /api/v2/tenants/default_tenant HTTP/1.1" 200
[32mINFO[0m:     [21-03-2025 22:21:10] ::1:63523 - "GET /api/v2/tenants/default_tenant/databases/default_database HTTP/1.1" 200
[32mINFO[0m:     [21-03-2025 22:21:10] ::1:63522 - "GET /api/v2/tenants/default_tenant/databases/default_database/collections/kadena_docs HTTP/1.1" 400
[32mINFO[0m:     [21-03-2025 22:21:10] ::1:63523 - "POST /api/v2/tenants/default_tenant/databases/default_database/collections HTTP/1.1" 200
[32mINFO[0m:     [21-03-2025 22:21:10] ::1:63522 - "DELETE /api/v2/tenants/default_tenant/databases/default_database/collections/kadena_docs HTTP/1.1" 200
[32mINFO[0m:     [21-03-2025 22:21:10] ::1:63523 - "POST /api/v2/tenants/default_tenant/databases/default_database/collections HTTP/1.1" 200
[36mDEBUG[0m:    [21-03-2025 22:21:27] Starting component PersistentLocalHnswSegment
[32mINFO[0m:     [21-03-2025 22:21:28] ::1:63561 - "POST /api/v2/tenants/default_tenant/databases/default_database/collections/218de621-b99f-4d5a-93dc-d54f86662080/add HTTP/1.1" 201
[32mINFO[0m:     [21-03-2025 22:21:30] ::1:63561 - "POST /api/v2/tenants/default_tenant/databases/default_database/collections/218de621-b99f-4d5a-93dc-d54f86662080/query HTTP/1.1" 200
[32mINFO[0m:     [21-03-2025 22:21:50] ::1:63567 - "GET /api/v2/tenants/default_tenant HTTP/1.1" 200
[32mINFO[0m:     [21-03-2025 22:21:50] ::1:63568 - "GET /api/v2/tenants/default_tenant/databases/default_database HTTP/1.1" 200
[32mINFO[0m:     [21-03-2025 22:21:50] ::1:63567 - "GET /api/v2/tenants/default_tenant/databases/default_database/collections/kadena_docs HTTP/1.1" 200
[32mINFO[0m:     [21-03-2025 22:21:51] ::1:63567 - "DELETE /api/v2/tenants/default_tenant/databases/default_database/collections/kadena_docs HTTP/1.1" 200
[32mINFO[0m:     [21-03-2025 22:21:51] ::1:63568 - "POST /api/v2/tenants/default_tenant/databases/default_database/collections HTTP/1.1" 200
[36mDEBUG[0m:    [21-03-2025 22:22:09] Starting component PersistentLocalHnswSegment
[32mINFO[0m:     [21-03-2025 22:22:11] ::1:63579 - "POST /api/v2/tenants/default_tenant/databases/default_database/collections/f9823c3a-aea6-4e47-8818-6065146d924e/add HTTP/1.1" 201
[32mINFO[0m:     [21-03-2025 22:22:12] ::1:63579 - "POST /api/v2/tenants/default_tenant/databases/default_database/collections/f9823c3a-aea6-4e47-8818-6065146d924e/query HTTP/1.1" 200
[32mINFO[0m:     [21-03-2025 22:24:59] ::1:63650 - "GET /api/v2/tenants/default_tenant HTTP/1.1" 200
[32mINFO[0m:     [21-03-2025 22:24:59] ::1:63651 - "GET /api/v2/tenants/default_tenant/databases/default_database HTTP/1.1" 200
[32mINFO[0m:     [21-03-2025 22:24:59] ::1:63650 - "GET /api/v2/tenants/default_tenant/databases/default_database/collections/kadena_docs HTTP/1.1" 200
[32mINFO[0m:     [21-03-2025 22:24:59] ::1:63650 - "DELETE /api/v2/tenants/default_tenant/databases/default_database/collections/kadena_docs HTTP/1.1" 200
[32mINFO[0m:     [21-03-2025 22:24:59] ::1:63651 - "POST /api/v2/tenants/default_tenant/databases/default_database/collections HTTP/1.1" 200
[36mDEBUG[0m:    [21-03-2025 22:25:17] Starting component PersistentLocalHnswSegment
[32mINFO[0m:     [21-03-2025 22:25:19] ::1:63672 - "POST /api/v2/tenants/default_tenant/databases/default_database/collections/d964c891-9c4e-4db0-bcdc-9934e1022130/add HTTP/1.1" 201
[32mINFO[0m:     [21-03-2025 22:25:20] ::1:63672 - "POST /api/v2/tenants/default_tenant/databases/default_database/collections/d964c891-9c4e-4db0-bcdc-9934e1022130/query HTTP/1.1" 200
[32mINFO[0m:     [21-03-2025 22:38:52] ::1:64180 - "GET /api/v2/tenants/default_tenant HTTP/1.1" 200
[32mINFO[0m:     [21-03-2025 22:38:52] ::1:64181 - "GET /api/v2/tenants/default_tenant/databases/default_database HTTP/1.1" 200
[32mINFO[0m:     [21-03-2025 22:38:52] ::1:64180 - "GET /api/v2/tenants/default_tenant/databases/default_database/collections/kadena_docs HTTP/1.1" 200
[32mINFO[0m:     [21-03-2025 22:39:34] ::1:64240 - "GET /api/v2/tenants/default_tenant HTTP/1.1" 200
[32mINFO[0m:     [21-03-2025 22:39:34] ::1:64241 - "GET /api/v2/tenants/default_tenant/databases/default_database HTTP/1.1" 200
[32mINFO[0m:     [21-03-2025 22:39:34] ::1:64240 - "GET /api/v2/tenants/default_tenant/databases/default_database/collections/kadena_docs HTTP/1.1" 200
[32mINFO[0m:     [21-03-2025 22:39:36] ::1:64240 - "POST /api/v2/tenants/default_tenant/databases/default_database/collections/d964c891-9c4e-4db0-bcdc-9934e1022130/query HTTP/1.1" 200
[32mINFO[0m:     [21-03-2025 22:39:37] ::1:64240 - "POST /api/v2/tenants/default_tenant/databases/default_database/collections/d964c891-9c4e-4db0-bcdc-9934e1022130/query HTTP/1.1" 200
[32mINFO[0m:     [21-03-2025 22:40:29] ::1:64307 - "GET /api/v2/tenants/default_tenant HTTP/1.1" 200
[32mINFO[0m:     [21-03-2025 22:40:29] ::1:64308 - "GET /api/v2/tenants/default_tenant/databases/default_database HTTP/1.1" 200
[32mINFO[0m:     [21-03-2025 22:40:29] ::1:64307 - "GET /api/v2/tenants/default_tenant/databases/default_database/collections/kadena_docs HTTP/1.1" 200
[32mINFO[0m:     [21-03-2025 22:40:31] ::1:64307 - "POST /api/v2/tenants/default_tenant/databases/default_database/collections/d964c891-9c4e-4db0-bcdc-9934e1022130/query HTTP/1.1" 200
[32mINFO[0m:     [21-03-2025 22:40:32] ::1:64307 - "POST /api/v2/tenants/default_tenant/databases/default_database/collections/d964c891-9c4e-4db0-bcdc-9934e1022130/query HTTP/1.1" 200
[32mINFO[0m:     [21-03-2025 22:41:14] ::1:64360 - "GET /api/v2/tenants/default_tenant HTTP/1.1" 200
[32mINFO[0m:     [21-03-2025 22:41:14] ::1:64361 - "GET /api/v2/tenants/default_tenant/databases/default_database HTTP/1.1" 200
[32mINFO[0m:     [21-03-2025 22:41:14] ::1:64360 - "GET /api/v2/tenants/default_tenant/databases/default_database/collections/kadena_docs HTTP/1.1" 200
[32mINFO[0m:     [21-03-2025 22:41:16] ::1:64360 - "POST /api/v2/tenants/default_tenant/databases/default_database/collections/d964c891-9c4e-4db0-bcdc-9934e1022130/query HTTP/1.1" 200
[32mINFO[0m:     [21-03-2025 22:41:17] ::1:64360 - "POST /api/v2/tenants/default_tenant/databases/default_database/collections/d964c891-9c4e-4db0-bcdc-9934e1022130/query HTTP/1.1" 200
[32mINFO[0m:     [21-03-2025 22:41:40] ::1:64373 - "GET /api/v2/tenants/default_tenant HTTP/1.1" 200
[32mINFO[0m:     [21-03-2025 22:41:40] ::1:64374 - "GET /api/v2/tenants/default_tenant/databases/default_database HTTP/1.1" 200
[32mINFO[0m:     [21-03-2025 22:41:40] ::1:64373 - "GET /api/v2/tenants/default_tenant/databases/default_database/collections/kadena_docs HTTP/1.1" 200
[32mINFO[0m:     [21-03-2025 22:41:42] ::1:64373 - "POST /api/v2/tenants/default_tenant/databases/default_database/collections/d964c891-9c4e-4db0-bcdc-9934e1022130/query HTTP/1.1" 200
[32mINFO[0m:     [21-03-2025 22:41:43] ::1:64373 - "POST /api/v2/tenants/default_tenant/databases/default_database/collections/d964c891-9c4e-4db0-bcdc-9934e1022130/query HTTP/1.1" 200
[32mINFO[0m:     [21-03-2025 22:42:32] ::1:64409 - "GET /api/v2/tenants/default_tenant HTTP/1.1" 200
[32mINFO[0m:     [21-03-2025 22:42:32] ::1:64410 - "GET /api/v2/tenants/default_tenant/databases/default_database HTTP/1.1" 200
[32mINFO[0m:     [21-03-2025 22:42:32] ::1:64409 - "GET /api/v2/tenants/default_tenant/databases/default_database/collections/kadena_docs HTTP/1.1" 200
[32mINFO[0m:     [21-03-2025 22:42:34] ::1:64409 - "POST /api/v2/tenants/default_tenant/databases/default_database/collections/d964c891-9c4e-4db0-bcdc-9934e1022130/query HTTP/1.1" 200
[32mINFO[0m:     [21-03-2025 22:42:35] ::1:64409 - "POST /api/v2/tenants/default_tenant/databases/default_database/collections/d964c891-9c4e-4db0-bcdc-9934e1022130/query HTTP/1.1" 200
[32mINFO[0m:     [21-03-2025 22:43:10] ::1:64451 - "GET /api/v2/tenants/default_tenant HTTP/1.1" 200
[32mINFO[0m:     [21-03-2025 22:43:10] ::1:64452 - "GET /api/v2/tenants/default_tenant/databases/default_database HTTP/1.1" 200
[32mINFO[0m:     [21-03-2025 22:43:10] ::1:64451 - "GET /api/v2/tenants/default_tenant/databases/default_database/collections/kadena_docs HTTP/1.1" 200
[32mINFO[0m:     [21-03-2025 22:43:11] ::1:64451 - "POST /api/v2/tenants/default_tenant/databases/default_database/collections/d964c891-9c4e-4db0-bcdc-9934e1022130/query HTTP/1.1" 200
[32mINFO[0m:     [21-03-2025 22:43:12] ::1:64451 - "POST /api/v2/tenants/default_tenant/databases/default_database/collections/d964c891-9c4e-4db0-bcdc-9934e1022130/query HTTP/1.1" 200
[32mINFO[0m:     [21-03-2025 22:44:21] ::1:64668 - "GET /api/v2/tenants/default_tenant HTTP/1.1" 200
[32mINFO[0m:     [21-03-2025 22:44:21] ::1:64669 - "GET /api/v2/tenants/default_tenant/databases/default_database HTTP/1.1" 200
[32mINFO[0m:     [21-03-2025 22:44:21] ::1:64668 - "GET /api/v2/tenants/default_tenant/databases/default_database/collections/kadena_docs HTTP/1.1" 200
[32mINFO[0m:     [21-03-2025 22:44:23] ::1:64668 - "POST /api/v2/tenants/default_tenant/databases/default_database/collections/d964c891-9c4e-4db0-bcdc-9934e1022130/query HTTP/1.1" 200
[32mINFO[0m:     [21-03-2025 22:44:24] ::1:64668 - "POST /api/v2/tenants/default_tenant/databases/default_database/collections/d964c891-9c4e-4db0-bcdc-9934e1022130/query HTTP/1.1" 200
[32mINFO[0m:     [21-03-2025 22:45:12] ::1:64815 - "GET /api/v2/tenants/default_tenant HTTP/1.1" 200
[32mINFO[0m:     [21-03-2025 22:45:12] ::1:64816 - "GET /api/v2/tenants/default_tenant/databases/default_database HTTP/1.1" 200
[32mINFO[0m:     [21-03-2025 22:45:12] ::1:64815 - "GET /api/v2/tenants/default_tenant/databases/default_database/collections/kadena_docs HTTP/1.1" 200
[32mINFO[0m:     [21-03-2025 22:45:13] ::1:64815 - "POST /api/v2/tenants/default_tenant/databases/default_database/collections/d964c891-9c4e-4db0-bcdc-9934e1022130/query HTTP/1.1" 200
[32mINFO[0m:     [21-03-2025 22:45:14] ::1:64815 - "POST /api/v2/tenants/default_tenant/databases/default_database/collections/d964c891-9c4e-4db0-bcdc-9934e1022130/query HTTP/1.1" 200
[32mINFO[0m:     [21-03-2025 22:45:50] ::1:64861 - "GET /api/v2/tenants/default_tenant HTTP/1.1" 200
[32mINFO[0m:     [21-03-2025 22:45:50] ::1:64862 - "GET /api/v2/tenants/default_tenant/databases/default_database HTTP/1.1" 200
[32mINFO[0m:     [21-03-2025 22:45:50] ::1:64861 - "GET /api/v2/tenants/default_tenant/databases/default_database/collections/kadena_docs HTTP/1.1" 200
[32mINFO[0m:     [21-03-2025 22:45:51] ::1:64861 - "POST /api/v2/tenants/default_tenant/databases/default_database/collections/d964c891-9c4e-4db0-bcdc-9934e1022130/query HTTP/1.1" 200
[32mINFO[0m:     [21-03-2025 22:45:53] ::1:64861 - "POST /api/v2/tenants/default_tenant/databases/default_database/collections/d964c891-9c4e-4db0-bcdc-9934e1022130/query HTTP/1.1" 200
[32mINFO[0m:     [21-03-2025 22:46:06] ::1:64875 - "GET /api/v2/tenants/default_tenant HTTP/1.1" 200
[32mINFO[0m:     [21-03-2025 22:46:06] ::1:64876 - "GET /api/v2/tenants/default_tenant/databases/default_database HTTP/1.1" 200
[32mINFO[0m:     [21-03-2025 22:46:06] ::1:64875 - "GET /api/v2/tenants/default_tenant/databases/default_database/collections/kadena_docs HTTP/1.1" 200
[32mINFO[0m:     [21-03-2025 22:46:07] ::1:64875 - "POST /api/v2/tenants/default_tenant/databases/default_database/collections/d964c891-9c4e-4db0-bcdc-9934e1022130/query HTTP/1.1" 200
[32mINFO[0m:     [21-03-2025 22:46:08] ::1:64875 - "POST /api/v2/tenants/default_tenant/databases/default_database/collections/d964c891-9c4e-4db0-bcdc-9934e1022130/query HTTP/1.1" 200
[32mINFO[0m:     [21-03-2025 22:46:44] ::1:64903 - "GET /api/v2/tenants/default_tenant HTTP/1.1" 200
[32mINFO[0m:     [21-03-2025 22:46:44] ::1:64904 - "GET /api/v2/tenants/default_tenant/databases/default_database HTTP/1.1" 200
[32mINFO[0m:     [21-03-2025 22:46:44] ::1:64903 - "GET /api/v2/tenants/default_tenant/databases/default_database/collections/kadena_docs HTTP/1.1" 200
[32mINFO[0m:     [21-03-2025 22:46:46] ::1:64903 - "POST /api/v2/tenants/default_tenant/databases/default_database/collections/d964c891-9c4e-4db0-bcdc-9934e1022130/query HTTP/1.1" 200
[32mINFO[0m:     [21-03-2025 22:46:47] ::1:64903 - "POST /api/v2/tenants/default_tenant/databases/default_database/collections/d964c891-9c4e-4db0-bcdc-9934e1022130/query HTTP/1.1" 200
[32mINFO[0m:     [21-03-2025 22:47:21] ::1:64955 - "GET /api/v2/tenants/default_tenant HTTP/1.1" 200
[32mINFO[0m:     [21-03-2025 22:47:21] ::1:64956 - "GET /api/v2/tenants/default_tenant/databases/default_database HTTP/1.1" 200
[32mINFO[0m:     [21-03-2025 22:47:21] ::1:64955 - "GET /api/v2/tenants/default_tenant/databases/default_database/collections/kadena_docs HTTP/1.1" 200
[32mINFO[0m:     [21-03-2025 22:47:23] ::1:64955 - "POST /api/v2/tenants/default_tenant/databases/default_database/collections/d964c891-9c4e-4db0-bcdc-9934e1022130/query HTTP/1.1" 200
[32mINFO[0m:     [21-03-2025 22:47:24] ::1:64955 - "POST /api/v2/tenants/default_tenant/databases/default_database/collections/d964c891-9c4e-4db0-bcdc-9934e1022130/query HTTP/1.1" 200
[32mINFO[0m:     [21-03-2025 22:48:27] ::1:65098 - "GET /api/v2/tenants/default_tenant HTTP/1.1" 200
[32mINFO[0m:     [21-03-2025 22:48:27] ::1:65099 - "GET /api/v2/tenants/default_tenant/databases/default_database HTTP/1.1" 200
[32mINFO[0m:     [21-03-2025 22:48:27] ::1:65098 - "GET /api/v2/tenants/default_tenant/databases/default_database/collections/kadena_docs HTTP/1.1" 200
[32mINFO[0m:     [21-03-2025 22:48:28] ::1:65098 - "POST /api/v2/tenants/default_tenant/databases/default_database/collections/d964c891-9c4e-4db0-bcdc-9934e1022130/query HTTP/1.1" 200
[32mINFO[0m:     [21-03-2025 22:48:29] ::1:65098 - "POST /api/v2/tenants/default_tenant/databases/default_database/collections/d964c891-9c4e-4db0-bcdc-9934e1022130/query HTTP/1.1" 200
[32mINFO[0m:     [21-03-2025 22:48:46] ::1:65117 - "GET /api/v2/tenants/default_tenant HTTP/1.1" 200
[32mINFO[0m:     [21-03-2025 22:48:46] ::1:65118 - "GET /api/v2/tenants/default_tenant/databases/default_database HTTP/1.1" 200
[32mINFO[0m:     [21-03-2025 22:48:46] ::1:65117 - "GET /api/v2/tenants/default_tenant/databases/default_database/collections/kadena_docs HTTP/1.1" 200
[32mINFO[0m:     [21-03-2025 22:48:47] ::1:65117 - "POST /api/v2/tenants/default_tenant/databases/default_database/collections/d964c891-9c4e-4db0-bcdc-9934e1022130/query HTTP/1.1" 200
[32mINFO[0m:     [21-03-2025 22:48:49] ::1:65117 - "POST /api/v2/tenants/default_tenant/databases/default_database/collections/d964c891-9c4e-4db0-bcdc-9934e1022130/query HTTP/1.1" 200
[32mINFO[0m:     [21-03-2025 22:49:09] ::1:65143 - "GET /api/v2/tenants/default_tenant HTTP/1.1" 200
[32mINFO[0m:     [21-03-2025 22:49:09] ::1:65144 - "GET /api/v2/tenants/default_tenant/databases/default_database HTTP/1.1" 200
[32mINFO[0m:     [21-03-2025 22:49:09] ::1:65143 - "GET /api/v2/tenants/default_tenant/databases/default_database/collections/kadena_docs HTTP/1.1" 200
[32mINFO[0m:     [21-03-2025 22:49:10] ::1:65143 - "POST /api/v2/tenants/default_tenant/databases/default_database/collections/d964c891-9c4e-4db0-bcdc-9934e1022130/query HTTP/1.1" 200
[32mINFO[0m:     [21-03-2025 22:49:11] ::1:65143 - "POST /api/v2/tenants/default_tenant/databases/default_database/collections/d964c891-9c4e-4db0-bcdc-9934e1022130/query HTTP/1.1" 200
[32mINFO[0m:     [21-03-2025 22:50:29] ::1:65224 - "GET /api/v2/tenants/default_tenant HTTP/1.1" 200
[32mINFO[0m:     [21-03-2025 22:50:29] ::1:65225 - "GET /api/v2/tenants/default_tenant/databases/default_database HTTP/1.1" 200
[32mINFO[0m:     [21-03-2025 22:50:29] ::1:65224 - "GET /api/v2/tenants/default_tenant/databases/default_database/collections/kadena_docs HTTP/1.1" 200
[32mINFO[0m:     [21-03-2025 22:50:30] ::1:65224 - "POST /api/v2/tenants/default_tenant/databases/default_database/collections/d964c891-9c4e-4db0-bcdc-9934e1022130/query HTTP/1.1" 200
[32mINFO[0m:     [21-03-2025 22:50:31] ::1:65224 - "POST /api/v2/tenants/default_tenant/databases/default_database/collections/d964c891-9c4e-4db0-bcdc-9934e1022130/query HTTP/1.1" 200
[32mINFO[0m:     [21-03-2025 22:53:12] ::1:65285 - "GET /api/v2/tenants/default_tenant HTTP/1.1" 200
[32mINFO[0m:     [21-03-2025 22:53:12] ::1:65286 - "GET /api/v2/tenants/default_tenant/databases/default_database HTTP/1.1" 200
[32mINFO[0m:     [21-03-2025 22:53:12] ::1:65285 - "GET /api/v2/tenants/default_tenant/databases/default_database/collections/kadena_docs HTTP/1.1" 200
[32mINFO[0m:     [21-03-2025 22:53:13] ::1:65285 - "POST /api/v2/tenants/default_tenant/databases/default_database/collections/d964c891-9c4e-4db0-bcdc-9934e1022130/query HTTP/1.1" 200
[32mINFO[0m:     [21-03-2025 22:53:14] ::1:65285 - "POST /api/v2/tenants/default_tenant/databases/default_database/collections/d964c891-9c4e-4db0-bcdc-9934e1022130/query HTTP/1.1" 200
[32mINFO[0m:     [21-03-2025 22:56:24] ::1:65533 - "GET /api/v2/tenants/default_tenant HTTP/1.1" 200
[32mINFO[0m:     [21-03-2025 22:56:24] ::1:65534 - "GET /api/v2/tenants/default_tenant/databases/default_database HTTP/1.1" 200
[32mINFO[0m:     [21-03-2025 22:56:24] ::1:65533 - "GET /api/v2/tenants/default_tenant/databases/default_database/collections/kadena_docs HTTP/1.1" 200
[32mINFO[0m:     [21-03-2025 22:56:25] ::1:65533 - "POST /api/v2/tenants/default_tenant/databases/default_database/collections/d964c891-9c4e-4db0-bcdc-9934e1022130/query HTTP/1.1" 200
[32mINFO[0m:     [21-03-2025 22:56:26] ::1:65533 - "POST /api/v2/tenants/default_tenant/databases/default_database/collections/d964c891-9c4e-4db0-bcdc-9934e1022130/query HTTP/1.1" 200
[32mINFO[0m:     [21-03-2025 22:59:44] Shutting down
[32mINFO[0m:     [21-03-2025 22:59:44] Waiting for application shutdown.
[36mDEBUG[0m:    [21-03-2025 22:59:44] Stopping component System
[36mDEBUG[0m:    [21-03-2025 22:59:44] Stopping component SegmentAPI
[36mDEBUG[0m:    [21-03-2025 22:59:44] Stopping component LocalExecutor
[36mDEBUG[0m:    [21-03-2025 22:59:44] Stopping component PersistentLocalHnswSegment
[36mDEBUG[0m:    [21-03-2025 22:59:44] Stopping component PersistentLocalHnswSegment
[36mDEBUG[0m:    [21-03-2025 22:59:44] Stopping component PersistentLocalHnswSegment
[36mDEBUG[0m:    [21-03-2025 22:59:44] Stopping component LocalSegmentManager
[36mDEBUG[0m:    [21-03-2025 22:59:44] Stopping component SimpleRateLimitEnforcer
[36mDEBUG[0m:    [21-03-2025 22:59:44] Stopping component Posthog
[36mDEBUG[0m:    [21-03-2025 22:59:44] Stopping component SimpleQuotaEnforcer
[36mDEBUG[0m:    [21-03-2025 22:59:44] Stopping component SqliteDB
[36mDEBUG[0m:    [21-03-2025 22:59:44] Stopping component OpenTelemetryClient
[32mINFO[0m:     [21-03-2025 22:59:44] Application shutdown complete.
[32mINFO[0m:     [21-03-2025 22:59:44] Finished server process [[36m10027[0m]
[32mINFO[0m:     [21-03-2025 23:38:50] Set chroma_server_nofile to 65535
[32mINFO[0m:     [21-03-2025 23:38:50] Anonymized telemetry enabled. See                     https://docs.trychroma.com/telemetry for more information.
[36mDEBUG[0m:    [21-03-2025 23:38:50] Starting component System
[36mDEBUG[0m:    [21-03-2025 23:38:50] Starting component OpenTelemetryClient
[36mDEBUG[0m:    [21-03-2025 23:38:50] Starting component SqliteDB
[36mDEBUG[0m:    [21-03-2025 23:38:50] Starting component SimpleQuotaEnforcer
[36mDEBUG[0m:    [21-03-2025 23:38:50] Starting component Posthog
[36mDEBUG[0m:    [21-03-2025 23:38:50] Starting component SimpleRateLimitEnforcer
[36mDEBUG[0m:    [21-03-2025 23:38:50] Starting component LocalSegmentManager
[36mDEBUG[0m:    [21-03-2025 23:38:50] Starting component LocalExecutor
[36mDEBUG[0m:    [21-03-2025 23:38:50] Starting component SegmentAPI
[32mINFO[0m:     [21-03-2025 23:38:50] Started server process [[36m45657[0m]
[32mINFO[0m:     [21-03-2025 23:38:50] Waiting for application startup.
[32mINFO[0m:     [21-03-2025 23:38:50] Application startup complete.
[32mINFO[0m:     [21-03-2025 23:38:50] Uvicorn running on [1mhttp://localhost:8000[0m (Press CTRL+C to quit)
[32mINFO[0m:     [21-03-2025 23:38:56] ::1:50571 - "GET /api/v2/tenants/default_tenant HTTP/1.1" 200
[32mINFO[0m:     [21-03-2025 23:38:56] ::1:50572 - "GET /api/v2/tenants/default_tenant/databases/default_database HTTP/1.1" 200
[32mINFO[0m:     [21-03-2025 23:38:56] ::1:50571 - "GET /api/v2/tenants/default_tenant/databases/default_database/collections/kadena_docs HTTP/1.1" 200
[36mDEBUG[0m:    [21-03-2025 23:38:57] Starting component PersistentLocalHnswSegment
[32mINFO[0m:     [21-03-2025 23:38:57] ::1:50571 - "POST /api/v2/tenants/default_tenant/databases/default_database/collections/d964c891-9c4e-4db0-bcdc-9934e1022130/query HTTP/1.1" 200
[32mINFO[0m:     [21-03-2025 23:40:14] ::1:50673 - "POST /api/v2/tenants/default_tenant/databases/default_database/collections/d964c891-9c4e-4db0-bcdc-9934e1022130/query HTTP/1.1" 200
[32mINFO[0m:     [21-03-2025 23:40:38] ::1:50693 - "POST /api/v2/tenants/default_tenant/databases/default_database/collections/d964c891-9c4e-4db0-bcdc-9934e1022130/query HTTP/1.1" 200
[32mINFO[0m:     [21-03-2025 23:40:59] Shutting down
[32mINFO[0m:     [21-03-2025 23:40:59] Waiting for application shutdown.
[36mDEBUG[0m:    [21-03-2025 23:40:59] Stopping component System
[36mDEBUG[0m:    [21-03-2025 23:40:59] Stopping component SegmentAPI
[36mDEBUG[0m:    [21-03-2025 23:40:59] Stopping component LocalExecutor
[36mDEBUG[0m:    [21-03-2025 23:40:59] Stopping component PersistentLocalHnswSegment
[36mDEBUG[0m:    [21-03-2025 23:40:59] Stopping component LocalSegmentManager
[36mDEBUG[0m:    [21-03-2025 23:40:59] Stopping component SimpleRateLimitEnforcer
[36mDEBUG[0m:    [21-03-2025 23:40:59] Stopping component Posthog
[36mDEBUG[0m:    [21-03-2025 23:40:59] Stopping component SimpleQuotaEnforcer
[36mDEBUG[0m:    [21-03-2025 23:40:59] Stopping component SqliteDB
[36mDEBUG[0m:    [21-03-2025 23:40:59] Stopping component OpenTelemetryClient
[32mINFO[0m:     [21-03-2025 23:40:59] Application shutdown complete.
[32mINFO[0m:     [21-03-2025 23:40:59] Finished server process [[36m45657[0m]
